<?xml version="1.0" encoding="UTF-8" ?>
<testsuites name="vitest tests" tests="1" failures="0" errors="0" time="1.972">
    <testsuite name="src/App.test.tsx" timestamp="2024-08-12T04:33:57.620Z" hostname="LAPTOP-QEUF7V9A" tests="1" failures="0" errors="0" skipped="0" time="0.038">
        <testcase classname="src/App.test.tsx" name="Testing Application &gt; Checking if word &apos;Vite&apos; exists in Application page" time="0.037">
        </testcase>
    </testsuite>
</testsuites>
